/home/pash/.rvm/gems/ruby-2.0.0-p247/gems/rice-1.5.3/ruby/lib/mkmf-rice.rb:136:in `link_command': Use RbConfig instead of obsolete and deprecated Config.
have_library: checking for main() in -lstdc++... -------------------- no

/home/pash/.rvm/gems/ruby-2.0.0-p247/gems/rice-1.5.3/ruby/lib/mkmf-rice.rb:136:in `link_command': Use RbConfig instead of obsolete and deprecated Config.
/home/pash/.rvm/gems/ruby-2.0.0-p247/gems/rice-1.5.3/ruby/lib/mkmf-rice.rb:136:in `link_command': Use RbConfig instead of obsolete and deprecated Config.
/home/pash/.rvm/gems/ruby-2.0.0-p247/gems/rice-1.5.3/ruby/lib/mkmf-rice.rb:136:in `link_command': Use RbConfig instead of obsolete and deprecated Config.
"g++ -o conftest -I/home/pash/.rvm/rubies/ruby-2.0.0-p247/include/ruby-2.0.0/x86_64-linux -I/home/pash/.rvm/rubies/ruby-2.0.0-p247/include/ruby-2.0.0/ruby/backward -I/home/pash/.rvm/rubies/ruby-2.0.0-p247/include/ruby-2.0.0 -I.     -I/home/pash/.rvm/gems/ruby-2.0.0-p247/gems/rice-1.5.3/ruby/lib/include  -O3 -fno-fast-math -ggdb3 -Wall -Wextra -Wno-unused-parameter -Wno-parentheses -Wno-long-long -Wno-missing-field-initializers -Wunused-variable -Wpointer-arith -Wwrite-strings -Wdeclaration-after-statement -Wimplicit-function-declaration conftest.c  -L. -L/home/pash/.rvm/rubies/ruby-2.0.0-p247/lib -Wl,-R/home/pash/.rvm/rubies/ruby-2.0.0-p247/lib -L. -fstack-protector -rdynamic -Wl,-export-dynamic  -L/home/pash/.rvm/gems/ruby-2.0.0-p247/gems/rice-1.5.3/ruby/lib/lib -lrice     '-Wl,-rpath,/../lib' -Wl,-R -Wl,/home/pash/.rvm/rubies/ruby-2.0.0-p247/lib -L/home/pash/.rvm/rubies/ruby-2.0.0-p247/lib -lruby  -lpthread -lrt -ldl -lcrypt -lm   -lc"
cc1plus: warning: command line option ‘-Wdeclaration-after-statement’ is valid for C/ObjC but not for C++ [enabled by default]
cc1plus: warning: command line option ‘-Wimplicit-function-declaration’ is valid for C/ObjC but not for C++ [enabled by default]
checked program was:
/* begin */
1: #include "ruby.h"
2: 
3: int main(int argc, char **argv)
4: {
5:   return 0;
6: }
/* end */

"g++ -o conftest -I/home/pash/.rvm/rubies/ruby-2.0.0-p247/include/ruby-2.0.0/x86_64-linux -I/home/pash/.rvm/rubies/ruby-2.0.0-p247/include/ruby-2.0.0/ruby/backward -I/home/pash/.rvm/rubies/ruby-2.0.0-p247/include/ruby-2.0.0 -I.     -I/home/pash/.rvm/gems/ruby-2.0.0-p247/gems/rice-1.5.3/ruby/lib/include  -O3 -fno-fast-math -ggdb3 -Wall -Wextra -Wno-unused-parameter -Wno-parentheses -Wno-long-long -Wno-missing-field-initializers -Wunused-variable -Wpointer-arith -Wwrite-strings -Wdeclaration-after-statement -Wimplicit-function-declaration conftest.c  -L. -L/home/pash/.rvm/rubies/ruby-2.0.0-p247/lib -Wl,-R/home/pash/.rvm/rubies/ruby-2.0.0-p247/lib -L. -fstack-protector -rdynamic -Wl,-export-dynamic  -L/home/pash/.rvm/gems/ruby-2.0.0-p247/gems/rice-1.5.3/ruby/lib/lib -lrice     '-Wl,-rpath,/../lib' -Wl,-R -Wl,/home/pash/.rvm/rubies/ruby-2.0.0-p247/lib -L/home/pash/.rvm/rubies/ruby-2.0.0-p247/lib -lruby -lstdc++  -lpthread -lrt -ldl -lcrypt -lm   -lc"
cc1plus: warning: command line option ‘-Wdeclaration-after-statement’ is valid for C/ObjC but not for C++ [enabled by default]
cc1plus: warning: command line option ‘-Wimplicit-function-declaration’ is valid for C/ObjC but not for C++ [enabled by default]
conftest.c: In function ‘int t()’:
conftest.c:5:57: error: ‘main’ was not declared in this scope
checked program was:
/* begin */
 1: #include "ruby.h"
 2: 
 3: /*top*/
 4: extern int t(void);
 5: int t(void) { void ((*volatile p)()); p = (void ((*)()))main; return 0; }
 6: int main(int argc, char **argv)
 7: {
 8:   if (argc > 1000000) {
 9:     printf("%p", &t);
10:   }
11: 
12:   return 0;
13: }
/* end */

"g++ -o conftest -I/home/pash/.rvm/rubies/ruby-2.0.0-p247/include/ruby-2.0.0/x86_64-linux -I/home/pash/.rvm/rubies/ruby-2.0.0-p247/include/ruby-2.0.0/ruby/backward -I/home/pash/.rvm/rubies/ruby-2.0.0-p247/include/ruby-2.0.0 -I.     -I/home/pash/.rvm/gems/ruby-2.0.0-p247/gems/rice-1.5.3/ruby/lib/include  -O3 -fno-fast-math -ggdb3 -Wall -Wextra -Wno-unused-parameter -Wno-parentheses -Wno-long-long -Wno-missing-field-initializers -Wunused-variable -Wpointer-arith -Wwrite-strings -Wdeclaration-after-statement -Wimplicit-function-declaration conftest.c  -L. -L/home/pash/.rvm/rubies/ruby-2.0.0-p247/lib -Wl,-R/home/pash/.rvm/rubies/ruby-2.0.0-p247/lib -L. -fstack-protector -rdynamic -Wl,-export-dynamic  -L/home/pash/.rvm/gems/ruby-2.0.0-p247/gems/rice-1.5.3/ruby/lib/lib -lrice     '-Wl,-rpath,/../lib' -Wl,-R -Wl,/home/pash/.rvm/rubies/ruby-2.0.0-p247/lib -L/home/pash/.rvm/rubies/ruby-2.0.0-p247/lib -lruby -lstdc++  -lpthread -lrt -ldl -lcrypt -lm   -lc"
cc1plus: warning: command line option ‘-Wdeclaration-after-statement’ is valid for C/ObjC but not for C++ [enabled by default]
cc1plus: warning: command line option ‘-Wimplicit-function-declaration’ is valid for C/ObjC but not for C++ [enabled by default]
conftest.c: In function ‘int t()’:
conftest.c:5:20: error: ‘main’ was not declared in this scope
checked program was:
/* begin */
 1: #include "ruby.h"
 2: 
 3: /*top*/
 4: extern int t(void);
 5: int t(void) { main(); return 0; }
 6: int main(int argc, char **argv)
 7: {
 8:   if (argc > 1000000) {
 9:     printf("%p", &t);
10:   }
11: 
12:   return 0;
13: }
/* end */

--------------------

